[0mCompiling "target/cljsbuild/public/js/app.js" from ("src/cljs" "src/cljc" "env/dev/cljs")...
WARNING: Use of undeclared Var avalon.pages.play/game at line 33 /Users/jseesel/gh/repos/avalon/src/cljs/avalon/pages/play.cljs
notifying browser that file changed:  target/cljsbuild/public/js/out/goog/deps.js
notifying browser that file changed:  target/cljsbuild/public/js/out/cljs_deps.js
notifying browser that file changed:  out/avalon/pages/play.js
[32mSuccessfully compiled "target/cljsbuild/public/js/app.js" in 0.852 seconds.[0m
[0mCompiling "target/cljsbuild/public/js/app.js" from ("src/cljs" "src/cljc" "env/dev/cljs")...
notifying browser that file changed:  out/avalon/pages/play.js
[32mSuccessfully compiled "target/cljsbuild/public/js/app.js" in 0.39 seconds.[0m
[0mCompiling "target/cljsbuild/public/js/app.js" from ("src/cljs" "src/cljc" "env/dev/cljs")...
notifying browser that file changed:  out/avalon/pages/play.js
[32mSuccessfully compiled "target/cljsbuild/public/js/app.js" in 0.402 seconds.[0m
[0mCompiling "target/cljsbuild/public/js/app.js" from ("src/cljs" "src/cljc" "env/dev/cljs")...
notifying browser that file changed:  out/avalon/pages/play.js
[32mSuccessfully compiled "target/cljsbuild/public/js/app.js" in 0.382 seconds.[0m
[0mCompiling "target/cljsbuild/public/js/app.js" from ("src/cljs" "src/cljc" "env/dev/cljs")...
notifying browser that file changed:  out/avalon/pages/play.js
[32mSuccessfully compiled "target/cljsbuild/public/js/app.js" in 0.414 seconds.[0m
[0mCompiling "target/cljsbuild/public/js/app.js" from ("src/cljs" "src/cljc" "env/dev/cljs")...
notifying browser that file changed:  out/avalon/pages/play.js
[32mSuccessfully compiled "target/cljsbuild/public/js/app.js" in 0.389 seconds.[0m
[0mCompiling "target/cljsbuild/public/js/app.js" from ("src/cljs" "src/cljc" "env/dev/cljs")...
notifying browser that file changed:  out/avalon/pages/play.js
[32mSuccessfully compiled "target/cljsbuild/public/js/app.js" in 0.399 seconds.[0m
[0mCompiling "target/cljsbuild/public/js/app.js" from ("src/cljs" "src/cljc" "env/dev/cljs")...
notifying browser that file changed:  out/avalon/pages/play.js
[32mSuccessfully compiled "target/cljsbuild/public/js/app.js" in 0.38 seconds.[0m
[0mCompiling "target/cljsbuild/public/js/app.js" from ("src/cljs" "src/cljc" "env/dev/cljs")...
notifying browser that file changed:  out/avalon/pages/play.js
[32mSuccessfully compiled "target/cljsbuild/public/js/app.js" in 0.37 seconds.[0m
[0mCompiling "target/cljsbuild/public/js/app.js" from ("src/cljs" "src/cljc" "env/dev/cljs")...
notifying browser that file changed:  out/avalon/pages/play.js
[32mSuccessfully compiled "target/cljsbuild/public/js/app.js" in 0.373 seconds.[0m
[0mCompiling "target/cljsbuild/public/js/app.js" from ("src/cljs" "src/cljc" "env/dev/cljs")...
notifying browser that file changed:  out/avalon/pages/play.js
[32mSuccessfully compiled "target/cljsbuild/public/js/app.js" in 0.362 seconds.[0m
[0mCompiling "target/cljsbuild/public/js/app.js" from ("src/cljs" "src/cljc" "env/dev/cljs")...
notifying browser that file changed:  out/avalon/pages/play.js
[32mSuccessfully compiled "target/cljsbuild/public/js/app.js" in 0.386 seconds.[0m
[0mCompiling "target/cljsbuild/public/js/app.js" from ("src/cljs" "src/cljc" "env/dev/cljs")...
notifying browser that file changed:  out/avalon/pages/play.js
[32mSuccessfully compiled "target/cljsbuild/public/js/app.js" in 0.36 seconds.[0m
[0mCompiling "target/cljsbuild/public/js/app.js" from ("src/cljs" "src/cljc" "env/dev/cljs")...
notifying browser that file changed:  out/avalon/pages/play.js
[32mSuccessfully compiled "target/cljsbuild/public/js/app.js" in 0.366 seconds.[0m
[0mCompiling "target/cljsbuild/public/js/app.js" from ("src/cljs" "src/cljc" "env/dev/cljs")...
notifying browser that file changed:  out/avalon/pages/play.js
[32mSuccessfully compiled "target/cljsbuild/public/js/app.js" in 0.382 seconds.[0m
[0mCompiling "target/cljsbuild/public/js/app.js" from ("src/cljs" "src/cljc" "env/dev/cljs")...
WARNING: Use of undeclared Var avalon.pages.play/game at line 35 /Users/jseesel/gh/repos/avalon/src/cljs/avalon/pages/play.cljs
notifying browser that file changed:  out/avalon/pages/play.js
[32mSuccessfully compiled "target/cljsbuild/public/js/app.js" in 0.442 seconds.[0m
[0mCompiling "target/cljsbuild/public/js/app.js" from ("src/cljs" "src/cljc" "env/dev/cljs")...
[31mCompiling "target/cljsbuild/public/js/app.js" failed.
[0mERROR: Unmatched delimiter ] on file /Users/jseesel/gh/repos/avalon/src/cljs/avalon/pages/play.cljs, line 43, column 71
[32mSuccessfully compiled "target/cljsbuild/public/js/app.js" in 0.23 seconds.[0m
[0mCompiling "target/cljsbuild/public/js/app.js" from ("src/cljs" "src/cljc" "env/dev/cljs")...
notifying browser that file changed:  out/avalon/pages/play.js
[32mSuccessfully compiled "target/cljsbuild/public/js/app.js" in 0.363 seconds.[0m
[0mCompiling "target/cljsbuild/public/js/app.js" from ("src/cljs" "src/cljc" "env/dev/cljs")...
notifying browser that file changed:  out/avalon/pages/play.js
[32mSuccessfully compiled "target/cljsbuild/public/js/app.js" in 0.377 seconds.[0m
[0mCompiling "target/cljsbuild/public/js/app.js" from ("src/cljs" "src/cljc" "env/dev/cljs")...
notifying browser that file changed:  out/avalon/pages/play.js
[32mSuccessfully compiled "target/cljsbuild/public/js/app.js" in 0.368 seconds.[0m
[0mCompiling "target/cljsbuild/public/js/app.js" from ("src/cljs" "src/cljc" "env/dev/cljs")...
[31mCompiling "target/cljsbuild/public/js/app.js" failed.
[0mANALYSIS ERROR: Too few arguments to if at line 29 /Users/jseesel/gh/repos/avalon/src/cljs/avalon/pages/play.cljs on file /Users/jseesel/gh/repos/avalon/src/cljs/avalon/pages/play.cljs, line 29, column 11
[32mSuccessfully compiled "target/cljsbuild/public/js/app.js" in 0.25 seconds.[0m
[0mCompiling "target/cljsbuild/public/js/app.js" from ("src/cljs" "src/cljc" "env/dev/cljs")...
notifying browser that file changed:  out/avalon/pages/play.js
[32mSuccessfully compiled "target/cljsbuild/public/js/app.js" in 0.374 seconds.[0m
[0mCompiling "target/cljsbuild/public/js/app.js" from ("src/cljs" "src/cljc" "env/dev/cljs")...
notifying browser that file changed:  out/avalon/pages/play.js
[32mSuccessfully compiled "target/cljsbuild/public/js/app.js" in 0.38 seconds.[0m
[0mCompiling "target/cljsbuild/public/js/app.js" from ("src/cljs" "src/cljc" "env/dev/cljs")...
notifying browser that file changed:  out/avalon/pages/play.js
[32mSuccessfully compiled "target/cljsbuild/public/js/app.js" in 0.364 seconds.[0m
[0mCompiling "target/cljsbuild/public/js/app.js" from ("src/cljs" "src/cljc" "env/dev/cljs")...
notifying browser that file changed:  out/avalon/pages/play.js
[32mSuccessfully compiled "target/cljsbuild/public/js/app.js" in 0.393 seconds.[0m
[0mCompiling "target/cljsbuild/public/js/app.js" from ("src/cljs" "src/cljc" "env/dev/cljs")...
notifying browser that file changed:  target/cljsbuild/public/js/out/goog/deps.js
notifying browser that file changed:  target/cljsbuild/public/js/out/cljs_deps.js
notifying browser that file changed:  out/avalon/pages/play.js
[32mSuccessfully compiled "target/cljsbuild/public/js/app.js" in 1.521 seconds.[0m
[0mCompiling "target/cljsbuild/public/js/app.js" from ("src/cljs" "src/cljc" "env/dev/cljs")...
notifying browser that file changed:  out/avalon/pages/play.js
[32mSuccessfully compiled "target/cljsbuild/public/js/app.js" in 0.409 seconds.[0m
[0mCompiling "target/cljsbuild/public/js/app.js" from ("src/cljs" "src/cljc" "env/dev/cljs")...
notifying browser that file changed:  out/avalon/pages/play.js
[32mSuccessfully compiled "target/cljsbuild/public/js/app.js" in 0.383 seconds.[0m
[0mCompiling "target/cljsbuild/public/js/app.js" from ("src/cljs" "src/cljc" "env/dev/cljs")...
notifying browser that file changed:  out/avalon/pages/play.js
[32mSuccessfully compiled "target/cljsbuild/public/js/app.js" in 0.377 seconds.[0m
[0mCompiling "target/cljsbuild/public/js/app.js" from ("src/cljs" "src/cljc" "env/dev/cljs")...
notifying browser that file changed:  out/avalon/pages/play.js
[32mSuccessfully compiled "target/cljsbuild/public/js/app.js" in 0.385 seconds.[0m
[0mCompiling "target/cljsbuild/public/js/app.js" from ("src/cljs" "src/cljc" "env/dev/cljs")...
notifying browser that file changed:  out/avalon/pages/play.js
[32mSuccessfully compiled "target/cljsbuild/public/js/app.js" in 0.413 seconds.[0m
[0mCompiling "target/cljsbuild/public/js/app.js" from ("src/cljs" "src/cljc" "env/dev/cljs")...
notifying browser that file changed:  out/avalon/pages/play.js
[32mSuccessfully compiled "target/cljsbuild/public/js/app.js" in 0.383 seconds.[0m
[0mCompiling "target/cljsbuild/public/js/app.js" from ("src/cljs" "src/cljc" "env/dev/cljs")...
notifying browser that file changed:  out/avalon/pages/play.js
[32mSuccessfully compiled "target/cljsbuild/public/js/app.js" in 0.373 seconds.[0m
[0mCompiling "target/cljsbuild/public/js/app.js" from ("src/cljs" "src/cljc" "env/dev/cljs")...
notifying browser that file changed:  out/avalon/pages/play.js
[32mSuccessfully compiled "target/cljsbuild/public/js/app.js" in 0.371 seconds.[0m
[0mCompiling "target/cljsbuild/public/js/app.js" from ("src/cljs" "src/cljc" "env/dev/cljs")...
notifying browser that file changed:  out/avalon/pages/play.js
[32mSuccessfully compiled "target/cljsbuild/public/js/app.js" in 0.369 seconds.[0m
[0mCompiling "target/cljsbuild/public/js/app.js" from ("src/cljs" "src/cljc" "env/dev/cljs")...
notifying browser that file changed:  out/avalon/pages/play.js
[32mSuccessfully compiled "target/cljsbuild/public/js/app.js" in 0.666 seconds.[0m
[0mCompiling "target/cljsbuild/public/js/app.js" from ("src/cljs" "src/cljc" "env/dev/cljs")...
notifying browser that file changed:  out/avalon/pages/play.js
[32mSuccessfully compiled "target/cljsbuild/public/js/app.js" in 0.385 seconds.[0m
[0mCompiling "target/cljsbuild/public/js/app.js" from ("src/cljs" "src/cljc" "env/dev/cljs")...
notifying browser that file changed:  out/avalon/pages/play.js
[32mSuccessfully compiled "target/cljsbuild/public/js/app.js" in 0.391 seconds.[0m
[0mCompiling "target/cljsbuild/public/js/app.js" from ("src/cljs" "src/cljc" "env/dev/cljs")...
notifying browser that file changed:  out/avalon/pages/play.js
[32mSuccessfully compiled "target/cljsbuild/public/js/app.js" in 0.38 seconds.[0m
[0mCompiling "target/cljsbuild/public/js/app.js" from ("src/cljs" "src/cljc" "env/dev/cljs")...
notifying browser that file changed:  out/avalon/pages/play.js
[32mSuccessfully compiled "target/cljsbuild/public/js/app.js" in 0.379 seconds.[0m
[0mCompiling "target/cljsbuild/public/js/app.js" from ("src/cljs" "src/cljc" "env/dev/cljs")...
notifying browser that file changed:  out/avalon/pages/play.js
[32mSuccessfully compiled "target/cljsbuild/public/js/app.js" in 0.378 seconds.[0m
[0mCompiling "target/cljsbuild/public/js/app.js" from ("src/cljs" "src/cljc" "env/dev/cljs")...
notifying browser that file changed:  out/avalon/pages/play.js
[32mSuccessfully compiled "target/cljsbuild/public/js/app.js" in 0.383 seconds.[0m
[0mCompiling "target/cljsbuild/public/js/app.js" from ("src/cljs" "src/cljc" "env/dev/cljs")...
notifying browser that file changed:  out/avalon/pages/play.js
[32mSuccessfully compiled "target/cljsbuild/public/js/app.js" in 0.379 seconds.[0m
[0mCompiling "target/cljsbuild/public/js/app.js" from ("src/cljs" "src/cljc" "env/dev/cljs")...
notifying browser that file changed:  out/avalon/pages/play.js
[32mSuccessfully compiled "target/cljsbuild/public/js/app.js" in 0.381 seconds.[0m
[0mCompiling "target/cljsbuild/public/js/app.js" from ("src/cljs" "src/cljc" "env/dev/cljs")...
notifying browser that file changed:  out/avalon/pages/play.js
[32mSuccessfully compiled "target/cljsbuild/public/js/app.js" in 0.388 seconds.[0m
[0mCompiling "target/cljsbuild/public/js/app.js" from ("src/cljs" "src/cljc" "env/dev/cljs")...
notifying browser that file changed:  out/avalon/pages/play.js
[32mSuccessfully compiled "target/cljsbuild/public/js/app.js" in 0.447 seconds.[0m
[0mCompiling "target/cljsbuild/public/js/app.js" from ("src/cljs" "src/cljc" "env/dev/cljs")...
notifying browser that file changed:  out/avalon/pages/play.js
[32mSuccessfully compiled "target/cljsbuild/public/js/app.js" in 0.425 seconds.[0m
[0mCompiling "target/cljsbuild/public/js/app.js" from ("src/cljs" "src/cljc" "env/dev/cljs")...
notifying browser that file changed:  out/avalon/pages/play.js
[32mSuccessfully compiled "target/cljsbuild/public/js/app.js" in 0.437 seconds.[0m
[0mCompiling "target/cljsbuild/public/js/app.js" from ("src/cljs" "src/cljc" "env/dev/cljs")...
notifying browser that file changed:  out/avalon/pages/play.js
[32mSuccessfully compiled "target/cljsbuild/public/js/app.js" in 0.446 seconds.[0m
[0mCompiling "target/cljsbuild/public/js/app.js" from ("src/cljs" "src/cljc" "env/dev/cljs")...
notifying browser that file changed:  out/avalon/pages/play.js
[32mSuccessfully compiled "target/cljsbuild/public/js/app.js" in 0.45 seconds.[0m
[0mCompiling "target/cljsbuild/public/js/app.js" from ("src/cljs" "src/cljc" "env/dev/cljs")...
notifying browser that file changed:  out/avalon/pages/play.js
[32mSuccessfully compiled "target/cljsbuild/public/js/app.js" in 0.422 seconds.[0m
[0mCompiling "target/cljsbuild/public/js/app.js" from ("src/cljs" "src/cljc" "env/dev/cljs")...
notifying browser that file changed:  out/avalon/pages/play.js
[32mSuccessfully compiled "target/cljsbuild/public/js/app.js" in 0.43 seconds.[0m
[0mCompiling "target/cljsbuild/public/js/app.js" from ("src/cljs" "src/cljc" "env/dev/cljs")...
notifying browser that file changed:  out/avalon/pages/play.js
[32mSuccessfully compiled "target/cljsbuild/public/js/app.js" in 0.433 seconds.[0m
[0mCompiling "target/cljsbuild/public/js/app.js" from ("src/cljs" "src/cljc" "env/dev/cljs")...
notifying browser that file changed:  out/avalon/pages/play.js
[32mSuccessfully compiled "target/cljsbuild/public/js/app.js" in 0.44 seconds.[0m
[0mCompiling "target/cljsbuild/public/js/app.js" from ("src/cljs" "src/cljc" "env/dev/cljs")...
notifying browser that file changed:  out/avalon/pages/play.js
[32mSuccessfully compiled "target/cljsbuild/public/js/app.js" in 0.425 seconds.[0m
[0mCompiling "target/cljsbuild/public/js/app.js" from ("src/cljs" "src/cljc" "env/dev/cljs")...
notifying browser that file changed:  out/avalon/pages/play.js
[32mSuccessfully compiled "target/cljsbuild/public/js/app.js" in 0.433 seconds.[0m
[0mCompiling "target/cljsbuild/public/js/app.js" from ("src/cljs" "src/cljc" "env/dev/cljs")...
notifying browser that file changed:  out/avalon/pages/play.js
[32mSuccessfully compiled "target/cljsbuild/public/js/app.js" in 0.447 seconds.[0m
[0mCompiling "target/cljsbuild/public/js/app.js" from ("src/cljs" "src/cljc" "env/dev/cljs")...
notifying browser that file changed:  out/avalon/pages/play.js
[32mSuccessfully compiled "target/cljsbuild/public/js/app.js" in 0.428 seconds.[0m
[0mCompiling "target/cljsbuild/public/js/app.js" from ("src/cljs" "src/cljc" "env/dev/cljs")...
notifying browser that file changed:  out/avalon/pages/play.js
[32mSuccessfully compiled "target/cljsbuild/public/js/app.js" in 0.42 seconds.[0m
[0mCompiling "target/cljsbuild/public/js/app.js" from ("src/cljs" "src/cljc" "env/dev/cljs")...
notifying browser that file changed:  target/cljsbuild/public/js/out/goog/deps.js
notifying browser that file changed:  target/cljsbuild/public/js/out/cljs_deps.js
notifying browser that file changed:  out/avalon/pages/games.js
[32mSuccessfully compiled "target/cljsbuild/public/js/app.js" in 1.424 seconds.[0m
[0mCompiling "target/cljsbuild/public/js/app.js" from ("src/cljs" "src/cljc" "env/dev/cljs")...
notifying browser that file changed:  out/avalon/pages/games.js
[32mSuccessfully compiled "target/cljsbuild/public/js/app.js" in 0.475 seconds.[0m
[0mCompiling "target/cljsbuild/public/js/app.js" from ("src/cljs" "src/cljc" "env/dev/cljs")...
notifying browser that file changed:  out/avalon/pages/games.js
[32mSuccessfully compiled "target/cljsbuild/public/js/app.js" in 0.471 seconds.[0m
[0mCompiling "target/cljsbuild/public/js/app.js" from ("src/cljs" "src/cljc" "env/dev/cljs")...
notifying browser that file changed:  out/avalon/pages/games.js
[32mSuccessfully compiled "target/cljsbuild/public/js/app.js" in 0.502 seconds.[0m
[0mCompiling "target/cljsbuild/public/js/app.js" from ("src/cljs" "src/cljc" "env/dev/cljs")...
[31mCompiling "target/cljsbuild/public/js/app.js" failed.
[0mERROR: Map literal must contain an even number of forms on file /Users/jseesel/gh/repos/avalon/src/cljs/avalon/pages/games.cljs, line 82, column 65
[32mSuccessfully compiled "target/cljsbuild/public/js/app.js" in 0.217 seconds.[0m
[0mCompiling "target/cljsbuild/public/js/app.js" from ("src/cljs" "src/cljc" "env/dev/cljs")...
notifying browser that file changed:  out/avalon/pages/games.js
[32mSuccessfully compiled "target/cljsbuild/public/js/app.js" in 0.465 seconds.[0m
[0mCompiling "target/cljsbuild/public/js/app.js" from ("src/cljs" "src/cljc" "env/dev/cljs")...
[31mCompiling "target/cljsbuild/public/js/app.js" failed.
[0mERROR: Map literal must contain an even number of forms on file /Users/jseesel/gh/repos/avalon/src/cljs/avalon/pages/games.cljs, line 82, column 57
[32mSuccessfully compiled "target/cljsbuild/public/js/app.js" in 0.208 seconds.[0m
[0mCompiling "target/cljsbuild/public/js/app.js" from ("src/cljs" "src/cljc" "env/dev/cljs")...
[31mCompiling "target/cljsbuild/public/js/app.js" failed.
[0mERROR: Map literal must contain an even number of forms on file /Users/jseesel/gh/repos/avalon/src/cljs/avalon/pages/games.cljs, line 82, column 55
[32mSuccessfully compiled "target/cljsbuild/public/js/app.js" in 0.22 seconds.[0m
[0mCompiling "target/cljsbuild/public/js/app.js" from ("src/cljs" "src/cljc" "env/dev/cljs")...
[31mCompiling "target/cljsbuild/public/js/app.js" failed.
[0mERROR: Map literal must contain an even number of forms on file /Users/jseesel/gh/repos/avalon/src/cljs/avalon/pages/games.cljs, line 82, column 64
[32mSuccessfully compiled "target/cljsbuild/public/js/app.js" in 0.212 seconds.[0m
[0mCompiling "target/cljsbuild/public/js/app.js" from ("src/cljs" "src/cljc" "env/dev/cljs")...
[31mCompiling "target/cljsbuild/public/js/app.js" failed.
[0mERROR: Map literal must contain an even number of forms on file /Users/jseesel/gh/repos/avalon/src/cljs/avalon/pages/games.cljs, line 82, column 65
[32mSuccessfully compiled "target/cljsbuild/public/js/app.js" in 0.208 seconds.[0m
[0mCompiling "target/cljsbuild/public/js/app.js" from ("src/cljs" "src/cljc" "env/dev/cljs")...
notifying browser that file changed:  out/avalon/pages/games.js
[32mSuccessfully compiled "target/cljsbuild/public/js/app.js" in 0.475 seconds.[0m
[0mCompiling "target/cljsbuild/public/js/app.js" from ("src/cljs" "src/cljc" "env/dev/cljs")...
notifying browser that file changed:  out/avalon/pages/games.js
[32mSuccessfully compiled "target/cljsbuild/public/js/app.js" in 0.465 seconds.[0m
[0mCompiling "target/cljsbuild/public/js/app.js" from ("src/cljs" "src/cljc" "env/dev/cljs")...
notifying browser that file changed:  out/avalon/pages/games.js
[32mSuccessfully compiled "target/cljsbuild/public/js/app.js" in 0.474 seconds.[0m
[0mCompiling "target/cljsbuild/public/js/app.js" from ("src/cljs" "src/cljc" "env/dev/cljs")...
notifying browser that file changed:  out/avalon/pages/games.js
[32mSuccessfully compiled "target/cljsbuild/public/js/app.js" in 0.475 seconds.[0m
[0mCompiling "target/cljsbuild/public/js/app.js" from ("src/cljs" "src/cljc" "env/dev/cljs")...
notifying browser that file changed:  out/avalon/pages/games.js
[32mSuccessfully compiled "target/cljsbuild/public/js/app.js" in 0.455 seconds.[0m
[0mCompiling "target/cljsbuild/public/js/app.js" from ("src/cljs" "src/cljc" "env/dev/cljs")...
notifying browser that file changed:  out/avalon/pages/games.js
[32mSuccessfully compiled "target/cljsbuild/public/js/app.js" in 0.486 seconds.[0m
[0mCompiling "target/cljsbuild/public/js/app.js" from ("src/cljs" "src/cljc" "env/dev/cljs")...
notifying browser that file changed:  out/avalon/pages/games.js
[32mSuccessfully compiled "target/cljsbuild/public/js/app.js" in 0.474 seconds.[0m
[0mCompiling "target/cljsbuild/public/js/app.js" from ("src/cljs" "src/cljc" "env/dev/cljs")...
notifying browser that file changed:  out/avalon/pages/games.js
[32mSuccessfully compiled "target/cljsbuild/public/js/app.js" in 0.492 seconds.[0m
[0mCompiling "target/cljsbuild/public/js/app.js" from ("src/cljs" "src/cljc" "env/dev/cljs")...
notifying browser that file changed:  out/avalon/pages/games.js
[32mSuccessfully compiled "target/cljsbuild/public/js/app.js" in 0.596 seconds.[0m
[0mCompiling "target/cljsbuild/public/js/app.js" from ("src/cljs" "src/cljc" "env/dev/cljs")...
notifying browser that file changed:  out/avalon/pages/games.js
[32mSuccessfully compiled "target/cljsbuild/public/js/app.js" in 0.618 seconds.[0m
[0mCompiling "target/cljsbuild/public/js/app.js" from ("src/cljs" "src/cljc" "env/dev/cljs")...
notifying browser that file changed:  out/avalon/pages/play.js
[32mSuccessfully compiled "target/cljsbuild/public/js/app.js" in 0.45 seconds.[0m
[0mCompiling "target/cljsbuild/public/js/app.js" from ("src/cljs" "src/cljc" "env/dev/cljs")...
notifying browser that file changed:  out/avalon/pages/play.js
[32mSuccessfully compiled "target/cljsbuild/public/js/app.js" in 0.452 seconds.[0m
[0mCompiling "target/cljsbuild/public/js/app.js" from ("src/cljs" "src/cljc" "env/dev/cljs")...
notifying browser that file changed:  out/avalon/pages/play.js
[32mSuccessfully compiled "target/cljsbuild/public/js/app.js" in 0.434 seconds.[0m
[0mCompiling "target/cljsbuild/public/js/app.js" from ("src/cljs" "src/cljc" "env/dev/cljs")...
[31mCompiling "target/cljsbuild/public/js/app.js" failed.
[0mERROR: Unmatched delimiter ] on file /Users/jseesel/gh/repos/avalon/src/cljs/avalon/pages/play.cljs, line 43, column 30
[32mSuccessfully compiled "target/cljsbuild/public/js/app.js" in 0.316 seconds.[0m
[0mCompiling "target/cljsbuild/public/js/app.js" from ("src/cljs" "src/cljc" "env/dev/cljs")...
notifying browser that file changed:  out/avalon/pages/play.js
[32mSuccessfully compiled "target/cljsbuild/public/js/app.js" in 0.46 seconds.[0m
[0mCompiling "target/cljsbuild/public/js/app.js" from ("src/cljs" "src/cljc" "env/dev/cljs")...
notifying browser that file changed:  out/avalon/pages/play.js
[32mSuccessfully compiled "target/cljsbuild/public/js/app.js" in 0.461 seconds.[0m
[0mCompiling "target/cljsbuild/public/js/app.js" from ("src/cljs" "src/cljc" "env/dev/cljs")...
notifying browser that file changed:  out/avalon/pages/play.js
[32mSuccessfully compiled "target/cljsbuild/public/js/app.js" in 0.463 seconds.[0m
[0mCompiling "target/cljsbuild/public/js/app.js" from ("src/cljs" "src/cljc" "env/dev/cljs")...
notifying browser that file changed:  out/avalon/pages/play.js
[32mSuccessfully compiled "target/cljsbuild/public/js/app.js" in 0.455 seconds.[0m
[0mCompiling "target/cljsbuild/public/js/app.js" from ("src/cljs" "src/cljc" "env/dev/cljs")...
notifying browser that file changed:  out/avalon/pages/play.js
[32mSuccessfully compiled "target/cljsbuild/public/js/app.js" in 0.442 seconds.[0m
[0mCompiling "target/cljsbuild/public/js/app.js" from ("src/cljs" "src/cljc" "env/dev/cljs")...
notifying browser that file changed:  out/avalon/pages/play.js
[32mSuccessfully compiled "target/cljsbuild/public/js/app.js" in 0.457 seconds.[0m
[0mCompiling "target/cljsbuild/public/js/app.js" from ("src/cljs" "src/cljc" "env/dev/cljs")...
notifying browser that file changed:  out/avalon/pages/play.js
[32mSuccessfully compiled "target/cljsbuild/public/js/app.js" in 0.454 seconds.[0m
[0mCompiling "target/cljsbuild/public/js/app.js" from ("src/cljs" "src/cljc" "env/dev/cljs")...
notifying browser that file changed:  out/avalon/pages/play.js
[32mSuccessfully compiled "target/cljsbuild/public/js/app.js" in 0.443 seconds.[0m
[0mCompiling "target/cljsbuild/public/js/app.js" from ("src/cljs" "src/cljc" "env/dev/cljs")...
notifying browser that file changed:  out/avalon/pages/play.js
[32mSuccessfully compiled "target/cljsbuild/public/js/app.js" in 0.45 seconds.[0m
[0mCompiling "target/cljsbuild/public/js/app.js" from ("src/cljs" "src/cljc" "env/dev/cljs")...
notifying browser that file changed:  out/avalon/pages/play.js
[32mSuccessfully compiled "target/cljsbuild/public/js/app.js" in 0.467 seconds.[0m
[0mCompiling "target/cljsbuild/public/js/app.js" from ("src/cljs" "src/cljc" "env/dev/cljs")...
notifying browser that file changed:  out/avalon/pages/play.js
[32mSuccessfully compiled "target/cljsbuild/public/js/app.js" in 0.449 seconds.[0m
[0mCompiling "target/cljsbuild/public/js/app.js" from ("src/cljs" "src/cljc" "env/dev/cljs")...
notifying browser that file changed:  out/avalon/pages/play.js
[32mSuccessfully compiled "target/cljsbuild/public/js/app.js" in 0.457 seconds.[0m
[0mCompiling "target/cljsbuild/public/js/app.js" from ("src/cljs" "src/cljc" "env/dev/cljs")...
notifying browser that file changed:  out/avalon/pages/play.js
[32mSuccessfully compiled "target/cljsbuild/public/js/app.js" in 0.458 seconds.[0m
[0mCompiling "target/cljsbuild/public/js/app.js" from ("src/cljs" "src/cljc" "env/dev/cljs")...
notifying browser that file changed:  out/avalon/pages/play.js
[32mSuccessfully compiled "target/cljsbuild/public/js/app.js" in 0.437 seconds.[0m
[0mCompiling "target/cljsbuild/public/js/app.js" from ("src/cljs" "src/cljc" "env/dev/cljs")...
notifying browser that file changed:  out/avalon/pages/play.js
[32mSuccessfully compiled "target/cljsbuild/public/js/app.js" in 0.44 seconds.[0m
[0mCompiling "target/cljsbuild/public/js/app.js" from ("src/cljs" "src/cljc" "env/dev/cljs")...
notifying browser that file changed:  out/avalon/pages/play.js
[32mSuccessfully compiled "target/cljsbuild/public/js/app.js" in 0.47 seconds.[0m
[0mCompiling "target/cljsbuild/public/js/app.js" from ("src/cljs" "src/cljc" "env/dev/cljs")...
notifying browser that file changed:  out/avalon/pages/play.js
[32mSuccessfully compiled "target/cljsbuild/public/js/app.js" in 0.459 seconds.[0m
[0mCompiling "target/cljsbuild/public/js/app.js" from ("src/cljs" "src/cljc" "env/dev/cljs")...
notifying browser that file changed:  out/avalon/pages/play.js
[32mSuccessfully compiled "target/cljsbuild/public/js/app.js" in 0.435 seconds.[0m
[0mCompiling "target/cljsbuild/public/js/app.js" from ("src/cljs" "src/cljc" "env/dev/cljs")...
notifying browser that file changed:  out/avalon/pages/play.js
[32mSuccessfully compiled "target/cljsbuild/public/js/app.js" in 0.452 seconds.[0m
[0mCompiling "target/cljsbuild/public/js/app.js" from ("src/cljs" "src/cljc" "env/dev/cljs")...
notifying browser that file changed:  out/avalon/pages/play.js
[32mSuccessfully compiled "target/cljsbuild/public/js/app.js" in 0.435 seconds.[0m
[0mCompiling "target/cljsbuild/public/js/app.js" from ("src/cljs" "src/cljc" "env/dev/cljs")...
notifying browser that file changed:  out/avalon/pages/play.js
[32mSuccessfully compiled "target/cljsbuild/public/js/app.js" in 0.443 seconds.[0m
[0mCompiling "target/cljsbuild/public/js/app.js" from ("src/cljs" "src/cljc" "env/dev/cljs")...
notifying browser that file changed:  out/avalon/pages/play.js
[32mSuccessfully compiled "target/cljsbuild/public/js/app.js" in 0.443 seconds.[0m
[0mCompiling "target/cljsbuild/public/js/app.js" from ("src/cljs" "src/cljc" "env/dev/cljs")...
notifying browser that file changed:  out/avalon/pages/play.js
[32mSuccessfully compiled "target/cljsbuild/public/js/app.js" in 0.447 seconds.[0m
[0mCompiling "target/cljsbuild/public/js/app.js" from ("src/cljs" "src/cljc" "env/dev/cljs")...
notifying browser that file changed:  out/avalon/pages/play.js
[32mSuccessfully compiled "target/cljsbuild/public/js/app.js" in 0.447 seconds.[0m
[0mCompiling "target/cljsbuild/public/js/app.js" from ("src/cljs" "src/cljc" "env/dev/cljs")...
notifying browser that file changed:  out/avalon/pages/play.js
[32mSuccessfully compiled "target/cljsbuild/public/js/app.js" in 0.45 seconds.[0m
[0mCompiling "target/cljsbuild/public/js/app.js" from ("src/cljs" "src/cljc" "env/dev/cljs")...
notifying browser that file changed:  out/avalon/pages/play.js
[32mSuccessfully compiled "target/cljsbuild/public/js/app.js" in 0.447 seconds.[0m
[0mCompiling "target/cljsbuild/public/js/app.js" from ("src/cljs" "src/cljc" "env/dev/cljs")...
notifying browser that file changed:  out/avalon/pages/play.js
[32mSuccessfully compiled "target/cljsbuild/public/js/app.js" in 0.45 seconds.[0m
[0mCompiling "target/cljsbuild/public/js/app.js" from ("src/cljs" "src/cljc" "env/dev/cljs")...
notifying browser that file changed:  out/avalon/pages/play.js
[32mSuccessfully compiled "target/cljsbuild/public/js/app.js" in 0.451 seconds.[0m
[0mCompiling "target/cljsbuild/public/js/app.js" from ("src/cljs" "src/cljc" "env/dev/cljs")...
notifying browser that file changed:  out/avalon/pages/play.js
[32mSuccessfully compiled "target/cljsbuild/public/js/app.js" in 0.445 seconds.[0m
[0mCompiling "target/cljsbuild/public/js/app.js" from ("src/cljs" "src/cljc" "env/dev/cljs")...
notifying browser that file changed:  out/avalon/pages/play.js
[32mSuccessfully compiled "target/cljsbuild/public/js/app.js" in 0.462 seconds.[0m
[0mCompiling "target/cljsbuild/public/js/app.js" from ("src/cljs" "src/cljc" "env/dev/cljs")...
notifying browser that file changed:  out/avalon/pages/play.js
[32mSuccessfully compiled "target/cljsbuild/public/js/app.js" in 0.456 seconds.[0m
[0mCompiling "target/cljsbuild/public/js/app.js" from ("src/cljs" "src/cljc" "env/dev/cljs")...
notifying browser that file changed:  out/avalon/pages/play.js
[32mSuccessfully compiled "target/cljsbuild/public/js/app.js" in 0.455 seconds.[0m
[0mCompiling "target/cljsbuild/public/js/app.js" from ("src/cljs" "src/cljc" "env/dev/cljs")...
notifying browser that file changed:  out/avalon/pages/play.js
[32mSuccessfully compiled "target/cljsbuild/public/js/app.js" in 0.439 seconds.[0m
[0mCompiling "target/cljsbuild/public/js/app.js" from ("src/cljs" "src/cljc" "env/dev/cljs")...
notifying browser that file changed:  out/avalon/pages/play.js
[32mSuccessfully compiled "target/cljsbuild/public/js/app.js" in 0.454 seconds.[0m
[0mCompiling "target/cljsbuild/public/js/app.js" from ("src/cljs" "src/cljc" "env/dev/cljs")...
notifying browser that file changed:  out/avalon/pages/play.js
[32mSuccessfully compiled "target/cljsbuild/public/js/app.js" in 0.453 seconds.[0m
[0mCompiling "target/cljsbuild/public/js/app.js" from ("src/cljs" "src/cljc" "env/dev/cljs")...
notifying browser that file changed:  out/avalon/pages/play.js
[32mSuccessfully compiled "target/cljsbuild/public/js/app.js" in 0.459 seconds.[0m
[0mCompiling "target/cljsbuild/public/js/app.js" from ("src/cljs" "src/cljc" "env/dev/cljs")...
notifying browser that file changed:  out/avalon/pages/play.js
[32mSuccessfully compiled "target/cljsbuild/public/js/app.js" in 0.457 seconds.[0m
[0mCompiling "target/cljsbuild/public/js/app.js" from ("src/cljs" "src/cljc" "env/dev/cljs")...
[31mCompiling "target/cljsbuild/public/js/app.js" failed.
[0mANALYSIS ERROR: let requires a vector for its binding at line 44 /Users/jseesel/gh/repos/avalon/src/cljs/avalon/pages/play.cljs on file /Users/jseesel/gh/repos/avalon/src/cljs/avalon/pages/play.cljs, line 44, column 5
[32mSuccessfully compiled "target/cljsbuild/public/js/app.js" in 0.366 seconds.[0m
[0mCompiling "target/cljsbuild/public/js/app.js" from ("src/cljs" "src/cljc" "env/dev/cljs")...
[31mCompiling "target/cljsbuild/public/js/app.js" failed.
[0mANALYSIS ERROR: let requires a vector for its binding at line 44 /Users/jseesel/gh/repos/avalon/src/cljs/avalon/pages/play.cljs on file /Users/jseesel/gh/repos/avalon/src/cljs/avalon/pages/play.cljs, line 44, column 5
[32mSuccessfully compiled "target/cljsbuild/public/js/app.js" in 0.346 seconds.[0m
[0mCompiling "target/cljsbuild/public/js/app.js" from ("src/cljs" "src/cljc" "env/dev/cljs")...
WARNING: Use of undeclared Var avalon.pages.play/info at line 46 /Users/jseesel/gh/repos/avalon/src/cljs/avalon/pages/play.cljs
WARNING: Use of undeclared Var avalon.pages.play/info at line 46 /Users/jseesel/gh/repos/avalon/src/cljs/avalon/pages/play.cljs
WARNING: Use of undeclared Var avalon.pages.play/info at line 47 /Users/jseesel/gh/repos/avalon/src/cljs/avalon/pages/play.cljs
WARNING: Use of undeclared Var avalon.pages.play/info at line 47 /Users/jseesel/gh/repos/avalon/src/cljs/avalon/pages/play.cljs
WARNING: Use of undeclared Var avalon.pages.play/info at line 48 /Users/jseesel/gh/repos/avalon/src/cljs/avalon/pages/play.cljs
WARNING: Use of undeclared Var avalon.pages.play/info at line 48 /Users/jseesel/gh/repos/avalon/src/cljs/avalon/pages/play.cljs
WARNING: Use of undeclared Var avalon.pages.play/info at line 49 /Users/jseesel/gh/repos/avalon/src/cljs/avalon/pages/play.cljs
WARNING: Use of undeclared Var avalon.pages.play/info at line 49 /Users/jseesel/gh/repos/avalon/src/cljs/avalon/pages/play.cljs
WARNING: Use of undeclared Var avalon.pages.play/info at line 50 /Users/jseesel/gh/repos/avalon/src/cljs/avalon/pages/play.cljs
WARNING: Use of undeclared Var avalon.pages.play/info at line 50 /Users/jseesel/gh/repos/avalon/src/cljs/avalon/pages/play.cljs
WARNING: Use of undeclared Var avalon.pages.play/info at line 51 /Users/jseesel/gh/repos/avalon/src/cljs/avalon/pages/play.cljs
WARNING: Use of undeclared Var avalon.pages.play/info at line 51 /Users/jseesel/gh/repos/avalon/src/cljs/avalon/pages/play.cljs
notifying browser that file changed:  out/avalon/pages/play.js
[32mSuccessfully compiled "target/cljsbuild/public/js/app.js" in 1.882 seconds.[0m
[0mCompiling "target/cljsbuild/public/js/app.js" from ("src/cljs" "src/cljc" "env/dev/cljs")...
WARNING: Use of undeclared Var avalon.pages.play/info at line 45 /Users/jseesel/gh/repos/avalon/src/cljs/avalon/pages/play.cljs
WARNING: Use of undeclared Var avalon.pages.play/info at line 45 /Users/jseesel/gh/repos/avalon/src/cljs/avalon/pages/play.cljs
WARNING: Use of undeclared Var avalon.pages.play/info at line 46 /Users/jseesel/gh/repos/avalon/src/cljs/avalon/pages/play.cljs
WARNING: Use of undeclared Var avalon.pages.play/info at line 46 /Users/jseesel/gh/repos/avalon/src/cljs/avalon/pages/play.cljs
WARNING: Use of undeclared Var avalon.pages.play/info at line 47 /Users/jseesel/gh/repos/avalon/src/cljs/avalon/pages/play.cljs
WARNING: Use of undeclared Var avalon.pages.play/info at line 47 /Users/jseesel/gh/repos/avalon/src/cljs/avalon/pages/play.cljs
WARNING: Use of undeclared Var avalon.pages.play/info at line 48 /Users/jseesel/gh/repos/avalon/src/cljs/avalon/pages/play.cljs
WARNING: Use of undeclared Var avalon.pages.play/info at line 48 /Users/jseesel/gh/repos/avalon/src/cljs/avalon/pages/play.cljs
WARNING: Use of undeclared Var avalon.pages.play/info at line 49 /Users/jseesel/gh/repos/avalon/src/cljs/avalon/pages/play.cljs
WARNING: Use of undeclared Var avalon.pages.play/info at line 49 /Users/jseesel/gh/repos/avalon/src/cljs/avalon/pages/play.cljs
WARNING: Use of undeclared Var avalon.pages.play/info at line 50 /Users/jseesel/gh/repos/avalon/src/cljs/avalon/pages/play.cljs
WARNING: Use of undeclared Var avalon.pages.play/info at line 50 /Users/jseesel/gh/repos/avalon/src/cljs/avalon/pages/play.cljs
notifying browser that file changed:  out/avalon/pages/play.js
[32mSuccessfully compiled "target/cljsbuild/public/js/app.js" in 1.917 seconds.[0m
[0mCompiling "target/cljsbuild/public/js/app.js" from ("src/cljs" "src/cljc" "env/dev/cljs")...
WARNING: Use of undeclared Var avalon.pages.play/info at line 45 /Users/jseesel/gh/repos/avalon/src/cljs/avalon/pages/play.cljs
WARNING: Use of undeclared Var avalon.pages.play/info at line 46 /Users/jseesel/gh/repos/avalon/src/cljs/avalon/pages/play.cljs
WARNING: Use of undeclared Var avalon.pages.play/info at line 47 /Users/jseesel/gh/repos/avalon/src/cljs/avalon/pages/play.cljs
WARNING: Use of undeclared Var avalon.pages.play/info at line 47 /Users/jseesel/gh/repos/avalon/src/cljs/avalon/pages/play.cljs
WARNING: Use of undeclared Var avalon.pages.play/info at line 48 /Users/jseesel/gh/repos/avalon/src/cljs/avalon/pages/play.cljs
WARNING: Use of undeclared Var avalon.pages.play/info at line 48 /Users/jseesel/gh/repos/avalon/src/cljs/avalon/pages/play.cljs
WARNING: Use of undeclared Var avalon.pages.play/info at line 49 /Users/jseesel/gh/repos/avalon/src/cljs/avalon/pages/play.cljs
WARNING: Use of undeclared Var avalon.pages.play/info at line 49 /Users/jseesel/gh/repos/avalon/src/cljs/avalon/pages/play.cljs
WARNING: Use of undeclared Var avalon.pages.play/info at line 50 /Users/jseesel/gh/repos/avalon/src/cljs/avalon/pages/play.cljs
WARNING: Use of undeclared Var avalon.pages.play/info at line 50 /Users/jseesel/gh/repos/avalon/src/cljs/avalon/pages/play.cljs
notifying browser that file changed:  out/avalon/pages/play.js
[32mSuccessfully compiled "target/cljsbuild/public/js/app.js" in 1.68 seconds.[0m
[0mCompiling "target/cljsbuild/public/js/app.js" from ("src/cljs" "src/cljc" "env/dev/cljs")...
notifying browser that file changed:  out/avalon/pages/play.js
[32mSuccessfully compiled "target/cljsbuild/public/js/app.js" in 0.465 seconds.[0m
[0mCompiling "target/cljsbuild/public/js/app.js" from ("src/cljs" "src/cljc" "env/dev/cljs")...
notifying browser that file changed:  out/avalon/pages/play.js
[32mSuccessfully compiled "target/cljsbuild/public/js/app.js" in 0.462 seconds.[0m
[0mCompiling "target/cljsbuild/public/js/app.js" from ("src/cljs" "src/cljc" "env/dev/cljs")...
notifying browser that file changed:  out/avalon/pages/play.js
[32mSuccessfully compiled "target/cljsbuild/public/js/app.js" in 0.478 seconds.[0m
[0mCompiling "target/cljsbuild/public/js/app.js" from ("src/cljs" "src/cljc" "env/dev/cljs")...
notifying browser that file changed:  out/avalon/pages/play.js
[32mSuccessfully compiled "target/cljsbuild/public/js/app.js" in 0.452 seconds.[0m
[0mCompiling "target/cljsbuild/public/js/app.js" from ("src/cljs" "src/cljc" "env/dev/cljs")...
notifying browser that file changed:  out/avalon/pages/play.js
[32mSuccessfully compiled "target/cljsbuild/public/js/app.js" in 0.454 seconds.[0m
[0mCompiling "target/cljsbuild/public/js/app.js" from ("src/cljs" "src/cljc" "env/dev/cljs")...
notifying browser that file changed:  out/avalon/pages/play.js
[32mSuccessfully compiled "target/cljsbuild/public/js/app.js" in 0.451 seconds.[0m
[0mCompiling "target/cljsbuild/public/js/app.js" from ("src/cljs" "src/cljc" "env/dev/cljs")...
notifying browser that file changed:  out/avalon/pages/play.js
[32mSuccessfully compiled "target/cljsbuild/public/js/app.js" in 0.464 seconds.[0m
[0mCompiling "target/cljsbuild/public/js/app.js" from ("src/cljs" "src/cljc" "env/dev/cljs")...
notifying browser that file changed:  out/avalon/pages/play.js
[32mSuccessfully compiled "target/cljsbuild/public/js/app.js" in 0.476 seconds.[0m
[0mCompiling "target/cljsbuild/public/js/app.js" from ("src/cljs" "src/cljc" "env/dev/cljs")...
notifying browser that file changed:  out/avalon/pages/play.js
[32mSuccessfully compiled "target/cljsbuild/public/js/app.js" in 0.455 seconds.[0m
[0mCompiling "target/cljsbuild/public/js/app.js" from ("src/cljs" "src/cljc" "env/dev/cljs")...
notifying browser that file changed:  out/avalon/pages/play.js
[32mSuccessfully compiled "target/cljsbuild/public/js/app.js" in 0.467 seconds.[0m
[0mCompiling "target/cljsbuild/public/js/app.js" from ("src/cljs" "src/cljc" "env/dev/cljs")...
notifying browser that file changed:  out/avalon/pages/play.js
[32mSuccessfully compiled "target/cljsbuild/public/js/app.js" in 0.446 seconds.[0m
[0mCompiling "target/cljsbuild/public/js/app.js" from ("src/cljs" "src/cljc" "env/dev/cljs")...
WARNING: Use of undeclared Var avalon.pages.play/good at line 45 /Users/jseesel/gh/repos/avalon/src/cljs/avalon/pages/play.cljs
notifying browser that file changed:  out/avalon/pages/play.js
[32mSuccessfully compiled "target/cljsbuild/public/js/app.js" in 0.606 seconds.[0m
[0mCompiling "target/cljsbuild/public/js/app.js" from ("src/cljs" "src/cljc" "env/dev/cljs")...
notifying browser that file changed:  out/avalon/pages/play.js
[32mSuccessfully compiled "target/cljsbuild/public/js/app.js" in 0.457 seconds.[0m
[0mCompiling "target/cljsbuild/public/js/app.js" from ("src/cljs" "src/cljc" "env/dev/cljs")...
notifying browser that file changed:  out/avalon/pages/play.js
[32mSuccessfully compiled "target/cljsbuild/public/js/app.js" in 0.455 seconds.[0m
[0mCompiling "target/cljsbuild/public/js/app.js" from ("src/cljs" "src/cljc" "env/dev/cljs")...
notifying browser that file changed:  out/avalon/pages/play.js
[32mSuccessfully compiled "target/cljsbuild/public/js/app.js" in 0.457 seconds.[0m
[0mCompiling "target/cljsbuild/public/js/app.js" from ("src/cljs" "src/cljc" "env/dev/cljs")...
notifying browser that file changed:  out/avalon/pages/play.js
[32mSuccessfully compiled "target/cljsbuild/public/js/app.js" in 0.446 seconds.[0m
[0mCompiling "target/cljsbuild/public/js/app.js" from ("src/cljs" "src/cljc" "env/dev/cljs")...
notifying browser that file changed:  out/avalon/pages/play.js
[32mSuccessfully compiled "target/cljsbuild/public/js/app.js" in 0.466 seconds.[0m
[0mCompiling "target/cljsbuild/public/js/app.js" from ("src/cljs" "src/cljc" "env/dev/cljs")...
notifying browser that file changed:  target/cljsbuild/public/js/out/cljs_deps.js
notifying browser that file changed:  out/avalon/pages/play.js
[32mSuccessfully compiled "target/cljsbuild/public/js/app.js" in 0.472 seconds.[0m
[0mCompiling "target/cljsbuild/public/js/app.js" from ("src/cljs" "src/cljc" "env/dev/cljs")...
notifying browser that file changed:  target/cljsbuild/public/js/out/cljs_deps.js
notifying browser that file changed:  out/avalon/pages/play.js
[32mSuccessfully compiled "target/cljsbuild/public/js/app.js" in 0.47 seconds.[0m
[0mCompiling "target/cljsbuild/public/js/app.js" from ("src/cljs" "src/cljc" "env/dev/cljs")...
notifying browser that file changed:  out/avalon/pages/play.js
[32mSuccessfully compiled "target/cljsbuild/public/js/app.js" in 0.446 seconds.[0m
[0mCompiling "target/cljsbuild/public/js/app.js" from ("src/cljs" "src/cljc" "env/dev/cljs")...
notifying browser that file changed:  out/avalon/pages/play.js
[32mSuccessfully compiled "target/cljsbuild/public/js/app.js" in 0.472 seconds.[0m
[0mCompiling "target/cljsbuild/public/js/app.js" from ("src/cljs" "src/cljc" "env/dev/cljs")...
notifying browser that file changed:  out/avalon/pages/play.js
[32mSuccessfully compiled "target/cljsbuild/public/js/app.js" in 0.473 seconds.[0m
[0mCompiling "target/cljsbuild/public/js/app.js" from ("src/cljs" "src/cljc" "env/dev/cljs")...
[31mCompiling "target/cljsbuild/public/js/app.js" failed.
[0mANALYSIS ERROR: let requires an even number of forms in binding vector at line 53 /Users/jseesel/gh/repos/avalon/src/cljs/avalon/pages/play.cljs on file /Users/jseesel/gh/repos/avalon/src/cljs/avalon/pages/play.cljs, line 53, column 5
[32mSuccessfully compiled "target/cljsbuild/public/js/app.js" in 0.347 seconds.[0m
[0mCompiling "target/cljsbuild/public/js/app.js" from ("src/cljs" "src/cljc" "env/dev/cljs")...
notifying browser that file changed:  out/avalon/pages/play.js
[32mSuccessfully compiled "target/cljsbuild/public/js/app.js" in 0.465 seconds.[0m
[0mCompiling "target/cljsbuild/public/js/app.js" from ("src/cljs" "src/cljc" "env/dev/cljs")...
notifying browser that file changed:  out/avalon/pages/play.js
[32mSuccessfully compiled "target/cljsbuild/public/js/app.js" in 0.456 seconds.[0m
[0mCompiling "target/cljsbuild/public/js/app.js" from ("src/cljs" "src/cljc" "env/dev/cljs")...
notifying browser that file changed:  out/avalon/pages/play.js
[32mSuccessfully compiled "target/cljsbuild/public/js/app.js" in 0.477 seconds.[0m
[0mCompiling "target/cljsbuild/public/js/app.js" from ("src/cljs" "src/cljc" "env/dev/cljs")...
notifying browser that file changed:  out/avalon/pages/play.js
[32mSuccessfully compiled "target/cljsbuild/public/js/app.js" in 0.444 seconds.[0m
[0mCompiling "target/cljsbuild/public/js/app.js" from ("src/cljs" "src/cljc" "env/dev/cljs")...
[31mCompiling "target/cljsbuild/public/js/app.js" failed.
[0mANALYSIS ERROR: Unsupported binding form: 6 at line 42 /Users/jseesel/gh/repos/avalon/src/cljs/avalon/pages/play.cljs on file /Users/jseesel/gh/repos/avalon/src/cljs/avalon/pages/play.cljs, line 42, column 3
[32mSuccessfully compiled "target/cljsbuild/public/js/app.js" in 0.338 seconds.[0m
[0mCompiling "target/cljsbuild/public/js/app.js" from ("src/cljs" "src/cljc" "env/dev/cljs")...
notifying browser that file changed:  out/avalon/pages/play.js
[32mSuccessfully compiled "target/cljsbuild/public/js/app.js" in 0.448 seconds.[0m
[0mCompiling "target/cljsbuild/public/js/app.js" from ("src/cljs" "src/cljc" "env/dev/cljs")...
notifying browser that file changed:  out/avalon/pages/play.js
[32mSuccessfully compiled "target/cljsbuild/public/js/app.js" in 0.455 seconds.[0m
[0mCompiling "target/cljsbuild/public/js/app.js" from ("src/cljs" "src/cljc" "env/dev/cljs")...
notifying browser that file changed:  out/avalon/pages/play.js
[32mSuccessfully compiled "target/cljsbuild/public/js/app.js" in 0.45 seconds.[0m
[0mCompiling "target/cljsbuild/public/js/app.js" from ("src/cljs" "src/cljc" "env/dev/cljs")...
notifying browser that file changed:  out/avalon/pages/play.js
[32mSuccessfully compiled "target/cljsbuild/public/js/app.js" in 0.457 seconds.[0m
[0mCompiling "target/cljsbuild/public/js/app.js" from ("src/cljs" "src/cljc" "env/dev/cljs")...
notifying browser that file changed:  out/avalon/pages/play.js
[32mSuccessfully compiled "target/cljsbuild/public/js/app.js" in 0.456 seconds.[0m
[0mCompiling "target/cljsbuild/public/js/app.js" from ("src/cljs" "src/cljc" "env/dev/cljs")...
notifying browser that file changed:  out/avalon/pages/play.js
[32mSuccessfully compiled "target/cljsbuild/public/js/app.js" in 0.455 seconds.[0m
[0mCompiling "target/cljsbuild/public/js/app.js" from ("src/cljs" "src/cljc" "env/dev/cljs")...
notifying browser that file changed:  out/avalon/pages/play.js
[32mSuccessfully compiled "target/cljsbuild/public/js/app.js" in 0.462 seconds.[0m
[0mCompiling "target/cljsbuild/public/js/app.js" from ("src/cljs" "src/cljc" "env/dev/cljs")...
notifying browser that file changed:  out/avalon/pages/play.js
[32mSuccessfully compiled "target/cljsbuild/public/js/app.js" in 0.446 seconds.[0m
[0mCompiling "target/cljsbuild/public/js/app.js" from ("src/cljs" "src/cljc" "env/dev/cljs")...
notifying browser that file changed:  out/avalon/pages/play.js
[32mSuccessfully compiled "target/cljsbuild/public/js/app.js" in 0.453 seconds.[0m
[0mCompiling "target/cljsbuild/public/js/app.js" from ("src/cljs" "src/cljc" "env/dev/cljs")...
notifying browser that file changed:  out/avalon/pages/play.js
[32mSuccessfully compiled "target/cljsbuild/public/js/app.js" in 0.464 seconds.[0m
[0mCompiling "target/cljsbuild/public/js/app.js" from ("src/cljs" "src/cljc" "env/dev/cljs")...
notifying browser that file changed:  out/avalon/pages/play.js
[32mSuccessfully compiled "target/cljsbuild/public/js/app.js" in 0.444 seconds.[0m
[0mCompiling "target/cljsbuild/public/js/app.js" from ("src/cljs" "src/cljc" "env/dev/cljs")...
notifying browser that file changed:  out/avalon/pages/play.js
[32mSuccessfully compiled "target/cljsbuild/public/js/app.js" in 0.484 seconds.[0m
[0mCompiling "target/cljsbuild/public/js/app.js" from ("src/cljs" "src/cljc" "env/dev/cljs")...
notifying browser that file changed:  out/avalon/pages/play.js
[32mSuccessfully compiled "target/cljsbuild/public/js/app.js" in 0.461 seconds.[0m
[0mCompiling "target/cljsbuild/public/js/app.js" from ("src/cljs" "src/cljc" "env/dev/cljs")...
notifying browser that file changed:  out/avalon/pages/play.js
[32mSuccessfully compiled "target/cljsbuild/public/js/app.js" in 0.467 seconds.[0m
[0mCompiling "target/cljsbuild/public/js/app.js" from ("src/cljs" "src/cljc" "env/dev/cljs")...
notifying browser that file changed:  out/avalon/pages/play.js
[32mSuccessfully compiled "target/cljsbuild/public/js/app.js" in 0.746 seconds.[0m
[0mCompiling "target/cljsbuild/public/js/app.js" from ("src/cljs" "src/cljc" "env/dev/cljs")...
notifying browser that file changed:  out/avalon/pages/play.js
[32mSuccessfully compiled "target/cljsbuild/public/js/app.js" in 0.45 seconds.[0m
[0mCompiling "target/cljsbuild/public/js/app.js" from ("src/cljs" "src/cljc" "env/dev/cljs")...
notifying browser that file changed:  out/avalon/pages/play.js
[32mSuccessfully compiled "target/cljsbuild/public/js/app.js" in 0.476 seconds.[0m
[0mCompiling "target/cljsbuild/public/js/app.js" from ("src/cljs" "src/cljc" "env/dev/cljs")...
notifying browser that file changed:  out/avalon/pages/play.js
[32mSuccessfully compiled "target/cljsbuild/public/js/app.js" in 0.45 seconds.[0m
[0mCompiling "target/cljsbuild/public/js/app.js" from ("src/cljs" "src/cljc" "env/dev/cljs")...
notifying browser that file changed:  out/avalon/pages/play.js
[32mSuccessfully compiled "target/cljsbuild/public/js/app.js" in 0.466 seconds.[0m
[0mCompiling "target/cljsbuild/public/js/app.js" from ("src/cljs" "src/cljc" "env/dev/cljs")...
notifying browser that file changed:  out/avalon/pages/play.js
[32mSuccessfully compiled "target/cljsbuild/public/js/app.js" in 0.463 seconds.[0m
[0mCompiling "target/cljsbuild/public/js/app.js" from ("src/cljs" "src/cljc" "env/dev/cljs")...
notifying browser that file changed:  out/avalon/pages/play.js
[32mSuccessfully compiled "target/cljsbuild/public/js/app.js" in 0.453 seconds.[0m
[0mCompiling "target/cljsbuild/public/js/app.js" from ("src/cljs" "src/cljc" "env/dev/cljs")...
notifying browser that file changed:  out/avalon/pages/play.js
[32mSuccessfully compiled "target/cljsbuild/public/js/app.js" in 0.454 seconds.[0m
[0mCompiling "target/cljsbuild/public/js/app.js" from ("src/cljs" "src/cljc" "env/dev/cljs")...
notifying browser that file changed:  out/avalon/pages/play.js
[32mSuccessfully compiled "target/cljsbuild/public/js/app.js" in 0.464 seconds.[0m
[0mCompiling "target/cljsbuild/public/js/app.js" from ("src/cljs" "src/cljc" "env/dev/cljs")...
notifying browser that file changed:  out/avalon/pages/play.js
[32mSuccessfully compiled "target/cljsbuild/public/js/app.js" in 0.486 seconds.[0m
[0mCompiling "target/cljsbuild/public/js/app.js" from ("src/cljs" "src/cljc" "env/dev/cljs")...
notifying browser that file changed:  target/cljsbuild/public/js/out/goog/deps.js
notifying browser that file changed:  target/cljsbuild/public/js/out/cljs_deps.js
notifying browser that file changed:  out/moriarty/pages/home.js
[32mSuccessfully compiled "target/cljsbuild/public/js/app.js" in 1.366 seconds.[0m
[0mCompiling "target/cljsbuild/public/js/app.js" from ("src/cljs" "src/cljc" "env/dev/cljs")...
notifying browser that file changed:  target/cljsbuild/public/js/out/goog/deps.js
notifying browser that file changed:  target/cljsbuild/public/js/out/cljs_deps.js
notifying browser that file changed:  out/moriarty/core.js
[32mSuccessfully compiled "target/cljsbuild/public/js/app.js" in 1.275 seconds.[0m
[0mCompiling "target/cljsbuild/public/js/app.js" from ("src/cljs" "src/cljc" "env/dev/cljs")...
notifying browser that file changed:  out/moriarty/pages/games.js
[32mSuccessfully compiled "target/cljsbuild/public/js/app.js" in 0.515 seconds.[0m
[0mCompiling "target/cljsbuild/public/js/app.js" from ("src/cljs" "src/cljc" "env/dev/cljs")...
notifying browser that file changed:  out/moriarty/pages/play.js
[32mSuccessfully compiled "target/cljsbuild/public/js/app.js" in 0.417 seconds.[0m
[0mCompiling "target/cljsbuild/public/js/app.js" from ("src/cljs" "src/cljc" "env/dev/cljs")...
notifying browser that file changed:  out/moriarty/pages/play.js
[32mSuccessfully compiled "target/cljsbuild/public/js/app.js" in 0.408 seconds.[0m
[0mCompiling "target/cljsbuild/public/js/app.js" from ("src/cljs" "src/cljc" "env/dev/cljs")...
notifying browser that file changed:  out/moriarty/pages/play.js
[32mSuccessfully compiled "target/cljsbuild/public/js/app.js" in 0.434 seconds.[0m
[0mCompiling "target/cljsbuild/public/js/app.js" from ("src/cljs" "src/cljc" "env/dev/cljs")...
notifying browser that file changed:  out/moriarty/pages/play.js
[32mSuccessfully compiled "target/cljsbuild/public/js/app.js" in 0.443 seconds.[0m
[0mCompiling "target/cljsbuild/public/js/app.js" from ("src/cljs" "src/cljc" "env/dev/cljs")...
notifying browser that file changed:  target/cljsbuild/public/js/out/goog/deps.js
notifying browser that file changed:  target/cljsbuild/public/js/out/cljs_deps.js
notifying browser that file changed:  out/moriarty/pages/play.js
[32mSuccessfully compiled "target/cljsbuild/public/js/app.js" in 1.299 seconds.[0m
[0mCompiling "target/cljsbuild/public/js/app.js" from ("src/cljs" "src/cljc" "env/dev/cljs")...
notifying browser that file changed:  out/moriarty/pages/play.js
[32mSuccessfully compiled "target/cljsbuild/public/js/app.js" in 0.434 seconds.[0m
[0mCompiling "target/cljsbuild/public/js/app.js" from ("src/cljs" "src/cljc" "env/dev/cljs")...
notifying browser that file changed:  out/moriarty/pages/play.js
[32mSuccessfully compiled "target/cljsbuild/public/js/app.js" in 0.384 seconds.[0m
[0mCompiling "target/cljsbuild/public/js/app.js" from ("src/cljs" "src/cljc" "env/dev/cljs")...
notifying browser that file changed:  out/moriarty/pages/play.js
[32mSuccessfully compiled "target/cljsbuild/public/js/app.js" in 0.374 seconds.[0m
[0mCompiling "target/cljsbuild/public/js/app.js" from ("src/cljs" "src/cljc" "env/dev/cljs")...
notifying browser that file changed:  out/moriarty/pages/play.js
[32mSuccessfully compiled "target/cljsbuild/public/js/app.js" in 0.366 seconds.[0m
[0mCompiling "target/cljsbuild/public/js/app.js" from ("src/cljs" "src/cljc" "env/dev/cljs")...
notifying browser that file changed:  out/moriarty/pages/play.js
[32mSuccessfully compiled "target/cljsbuild/public/js/app.js" in 0.379 seconds.[0m
[0mCompiling "target/cljsbuild/public/js/app.js" from ("src/cljs" "src/cljc" "env/dev/cljs")...
notifying browser that file changed:  out/moriarty/pages/play.js
[32mSuccessfully compiled "target/cljsbuild/public/js/app.js" in 0.403 seconds.[0m
[0mCompiling "target/cljsbuild/public/js/app.js" from ("src/cljs" "src/cljc" "env/dev/cljs")...
notifying browser that file changed:  out/moriarty/pages/play.js
[32mSuccessfully compiled "target/cljsbuild/public/js/app.js" in 0.416 seconds.[0m
[0mCompiling "target/cljsbuild/public/js/app.js" from ("src/cljs" "src/cljc" "env/dev/cljs")...
notifying browser that file changed:  out/moriarty/pages/play.js
[32mSuccessfully compiled "target/cljsbuild/public/js/app.js" in 0.44 seconds.[0m
[0mCompiling "target/cljsbuild/public/js/app.js" from ("src/cljs" "src/cljc" "env/dev/cljs")...
notifying browser that file changed:  out/moriarty/pages/play.js
[32mSuccessfully compiled "target/cljsbuild/public/js/app.js" in 0.408 seconds.[0m
[0mCompiling "target/cljsbuild/public/js/app.js" from ("src/cljs" "src/cljc" "env/dev/cljs")...
notifying browser that file changed:  out/moriarty/pages/play.js
[32mSuccessfully compiled "target/cljsbuild/public/js/app.js" in 0.403 seconds.[0m
[0mCompiling "target/cljsbuild/public/js/app.js" from ("src/cljs" "src/cljc" "env/dev/cljs")...
notifying browser that file changed:  out/moriarty/pages/play.js
[32mSuccessfully compiled "target/cljsbuild/public/js/app.js" in 0.4 seconds.[0m
[0mCompiling "target/cljsbuild/public/js/app.js" from ("src/cljs" "src/cljc" "env/dev/cljs")...
notifying browser that file changed:  out/moriarty/pages/play.js
[32mSuccessfully compiled "target/cljsbuild/public/js/app.js" in 0.395 seconds.[0m
[0mCompiling "target/cljsbuild/public/js/app.js" from ("src/cljs" "src/cljc" "env/dev/cljs")...
notifying browser that file changed:  out/moriarty/pages/play.js
[32mSuccessfully compiled "target/cljsbuild/public/js/app.js" in 0.399 seconds.[0m
[0mCompiling "target/cljsbuild/public/js/app.js" from ("src/cljs" "src/cljc" "env/dev/cljs")...
notifying browser that file changed:  out/moriarty/pages/play.js
[32mSuccessfully compiled "target/cljsbuild/public/js/app.js" in 0.391 seconds.[0m
[0mCompiling "target/cljsbuild/public/js/app.js" from ("src/cljs" "src/cljc" "env/dev/cljs")...
notifying browser that file changed:  out/moriarty/pages/play.js
[32mSuccessfully compiled "target/cljsbuild/public/js/app.js" in 0.402 seconds.[0m
[0mCompiling "target/cljsbuild/public/js/app.js" from ("src/cljs" "src/cljc" "env/dev/cljs")...
notifying browser that file changed:  out/moriarty/pages/play.js
[32mSuccessfully compiled "target/cljsbuild/public/js/app.js" in 0.398 seconds.[0m
[0mCompiling "target/cljsbuild/public/js/app.js" from ("src/cljs" "src/cljc" "env/dev/cljs")...
notifying browser that file changed:  out/moriarty/pages/play.js
[32mSuccessfully compiled "target/cljsbuild/public/js/app.js" in 0.409 seconds.[0m
[0mCompiling "target/cljsbuild/public/js/app.js" from ("src/cljs" "src/cljc" "env/dev/cljs")...
notifying browser that file changed:  out/moriarty/pages/play.js
[32mSuccessfully compiled "target/cljsbuild/public/js/app.js" in 0.41 seconds.[0m
[0mCompiling "target/cljsbuild/public/js/app.js" from ("src/cljs" "src/cljc" "env/dev/cljs")...
notifying browser that file changed:  out/moriarty/pages/play.js
[32mSuccessfully compiled "target/cljsbuild/public/js/app.js" in 0.399 seconds.[0m
